ApplicationMobileAgent/TestIHM/Qt/build-TestCamera-Android_for_armeabi_v7a_arm64_v8a_x86_x86_64_Clang_Qt_5_15_0_for_Android-Debug/android-build/build/intermediates/manifest_merge_blame_file/debug/manifest-merger-blame-debug-report.txt
1<?xml version="1.0" encoding="utf-8"?>
2<manifest xmlns:android="http://schemas.android.com/apk/res/android"
3    package="org.qtproject.example.TestCamera"
4    android:installLocation="auto"
5    android:versionCode="1"
6    android:versionName="1.0" >
7
8    <uses-sdk
9        android:minSdkVersion="21"
9-->build-TestCamera-Android_for_armeabi_v7a_arm64_v8a_x86_x86_64_Clang_Qt_5_15_0_for_Android-Debug/android-build/AndroidManifest.xml
10        android:targetSdkVersion="28" />
10-->build-TestCamera-Android_for_armeabi_v7a_arm64_v8a_x86_x86_64_Clang_Qt_5_15_0_for_Android-Debug/android-build/AndroidManifest.xml
11    <!--
12         The following comment will be replaced upon deployment with default permissions based on the dependencies of the application.
13         Remove the comment if you do not require these default permissions.
14    -->
15    <uses-permission android:name="android.permission.ACCESS_NETWORK_STATE" />
15-->build-TestCamera-Android_for_armeabi_v7a_arm64_v8a_x86_x86_64_Clang_Qt_5_15_0_for_Android-Debug/android-build/AndroidManifest.xml:5:5-79
15-->build-TestCamera-Android_for_armeabi_v7a_arm64_v8a_x86_x86_64_Clang_Qt_5_15_0_for_Android-Debug/android-build/AndroidManifest.xml:5:22-76
16    <uses-permission android:name="android.permission.CAMERA" />
16-->build-TestCamera-Android_for_armeabi_v7a_arm64_v8a_x86_x86_64_Clang_Qt_5_15_0_for_Android-Debug/android-build/AndroidManifest.xml:6:5-65
16-->build-TestCamera-Android_for_armeabi_v7a_arm64_v8a_x86_x86_64_Clang_Qt_5_15_0_for_Android-Debug/android-build/AndroidManifest.xml:6:22-62
17    <uses-permission android:name="android.permission.RECORD_AUDIO" />
17-->build-TestCamera-Android_for_armeabi_v7a_arm64_v8a_x86_x86_64_Clang_Qt_5_15_0_for_Android-Debug/android-build/AndroidManifest.xml:7:5-71
17-->build-TestCamera-Android_for_armeabi_v7a_arm64_v8a_x86_x86_64_Clang_Qt_5_15_0_for_Android-Debug/android-build/AndroidManifest.xml:7:22-68
18    <uses-permission android:name="android.permission.INTERNET" />
18-->build-TestCamera-Android_for_armeabi_v7a_arm64_v8a_x86_x86_64_Clang_Qt_5_15_0_for_Android-Debug/android-build/AndroidManifest.xml:8:5-67
18-->build-TestCamera-Android_for_armeabi_v7a_arm64_v8a_x86_x86_64_Clang_Qt_5_15_0_for_Android-Debug/android-build/AndroidManifest.xml:8:22-64
19    <uses-permission android:name="android.permission.WRITE_EXTERNAL_STORAGE" />
19-->build-TestCamera-Android_for_armeabi_v7a_arm64_v8a_x86_x86_64_Clang_Qt_5_15_0_for_Android-Debug/android-build/AndroidManifest.xml:9:5-81
19-->build-TestCamera-Android_for_armeabi_v7a_arm64_v8a_x86_x86_64_Clang_Qt_5_15_0_for_Android-Debug/android-build/AndroidManifest.xml:9:22-78
20
21    <!--
22         The following comment will be replaced upon deployment with default features based on the dependencies of the application.
23         Remove the comment if you do not require these default features.
24    -->
25    <uses-feature
25-->build-TestCamera-Android_for_armeabi_v7a_arm64_v8a_x86_x86_64_Clang_Qt_5_15_0_for_Android-Debug/android-build/AndroidManifest.xml:13:5-85
26        android:name="android.hardware.camera"
26-->build-TestCamera-Android_for_armeabi_v7a_arm64_v8a_x86_x86_64_Clang_Qt_5_15_0_for_Android-Debug/android-build/AndroidManifest.xml:13:19-57
27        android:required="false" />
27-->build-TestCamera-Android_for_armeabi_v7a_arm64_v8a_x86_x86_64_Clang_Qt_5_15_0_for_Android-Debug/android-build/AndroidManifest.xml:13:58-82
28    <uses-feature
28-->build-TestCamera-Android_for_armeabi_v7a_arm64_v8a_x86_x86_64_Clang_Qt_5_15_0_for_Android-Debug/android-build/AndroidManifest.xml:14:5-95
29        android:name="android.hardware.camera.autofocus"
29-->build-TestCamera-Android_for_armeabi_v7a_arm64_v8a_x86_x86_64_Clang_Qt_5_15_0_for_Android-Debug/android-build/AndroidManifest.xml:14:19-67
30        android:required="false" />
30-->build-TestCamera-Android_for_armeabi_v7a_arm64_v8a_x86_x86_64_Clang_Qt_5_15_0_for_Android-Debug/android-build/AndroidManifest.xml:14:68-92
31    <uses-feature
31-->build-TestCamera-Android_for_armeabi_v7a_arm64_v8a_x86_x86_64_Clang_Qt_5_15_0_for_Android-Debug/android-build/AndroidManifest.xml:15:5-89
32        android:name="android.hardware.microphone"
32-->build-TestCamera-Android_for_armeabi_v7a_arm64_v8a_x86_x86_64_Clang_Qt_5_15_0_for_Android-Debug/android-build/AndroidManifest.xml:15:19-61
33        android:required="false" />
33-->build-TestCamera-Android_for_armeabi_v7a_arm64_v8a_x86_x86_64_Clang_Qt_5_15_0_for_Android-Debug/android-build/AndroidManifest.xml:15:62-86
34
35    <supports-screens
35-->build-TestCamera-Android_for_armeabi_v7a_arm64_v8a_x86_x86_64_Clang_Qt_5_15_0_for_Android-Debug/android-build/AndroidManifest.xml:17:5-135
36        android:anyDensity="true"
36-->build-TestCamera-Android_for_armeabi_v7a_arm64_v8a_x86_x86_64_Clang_Qt_5_15_0_for_Android-Debug/android-build/AndroidManifest.xml:17:80-105
37        android:largeScreens="true"
37-->build-TestCamera-Android_for_armeabi_v7a_arm64_v8a_x86_x86_64_Clang_Qt_5_15_0_for_Android-Debug/android-build/AndroidManifest.xml:17:23-50
38        android:normalScreens="true"
38-->build-TestCamera-Android_for_armeabi_v7a_arm64_v8a_x86_x86_64_Clang_Qt_5_15_0_for_Android-Debug/android-build/AndroidManifest.xml:17:51-79
39        android:smallScreens="true" />
39-->build-TestCamera-Android_for_armeabi_v7a_arm64_v8a_x86_x86_64_Clang_Qt_5_15_0_for_Android-Debug/android-build/AndroidManifest.xml:17:106-133
40
41    <application
41-->build-TestCamera-Android_for_armeabi_v7a_arm64_v8a_x86_x86_64_Clang_Qt_5_15_0_for_Android-Debug/android-build/AndroidManifest.xml:19:5-93:19
42        android:name="org.qtproject.qt5.android.bindings.QtApplication"
42-->build-TestCamera-Android_for_armeabi_v7a_arm64_v8a_x86_x86_64_Clang_Qt_5_15_0_for_Android-Debug/android-build/AndroidManifest.xml:19:53-116
43        android:debuggable="true"
44        android:extractNativeLibs="true"
44-->build-TestCamera-Android_for_armeabi_v7a_arm64_v8a_x86_x86_64_Clang_Qt_5_15_0_for_Android-Debug/android-build/AndroidManifest.xml:19:144-176
45        android:hardwareAccelerated="true"
45-->build-TestCamera-Android_for_armeabi_v7a_arm64_v8a_x86_x86_64_Clang_Qt_5_15_0_for_Android-Debug/android-build/AndroidManifest.xml:19:18-52
46        android:label="TestCamera" >
46-->build-TestCamera-Android_for_armeabi_v7a_arm64_v8a_x86_x86_64_Clang_Qt_5_15_0_for_Android-Debug/android-build/AndroidManifest.xml:19:117-143
47        <activity
47-->build-TestCamera-Android_for_armeabi_v7a_arm64_v8a_x86_x86_64_Clang_Qt_5_15_0_for_Android-Debug/android-build/AndroidManifest.xml:20:9-89:16
48            android:name="org.qtproject.qt5.android.bindings.QtActivity"
48-->build-TestCamera-Android_for_armeabi_v7a_arm64_v8a_x86_x86_64_Clang_Qt_5_15_0_for_Android-Debug/android-build/AndroidManifest.xml:21:19-79
49            android:configChanges="orientation|uiMode|screenLayout|screenSize|smallestScreenSize|layoutDirection|locale|fontScale|keyboard|keyboardHidden|navigation|mcc|mnc|density"
49-->build-TestCamera-Android_for_armeabi_v7a_arm64_v8a_x86_x86_64_Clang_Qt_5_15_0_for_Android-Debug/android-build/AndroidManifest.xml:20:19-188
50            android:label="TestCamera"
50-->build-TestCamera-Android_for_armeabi_v7a_arm64_v8a_x86_x86_64_Clang_Qt_5_15_0_for_Android-Debug/android-build/AndroidManifest.xml:22:19-45
51            android:launchMode="singleTop"
51-->build-TestCamera-Android_for_armeabi_v7a_arm64_v8a_x86_x86_64_Clang_Qt_5_15_0_for_Android-Debug/android-build/AndroidManifest.xml:24:19-49
52            android:screenOrientation="unspecified" >
52-->build-TestCamera-Android_for_armeabi_v7a_arm64_v8a_x86_x86_64_Clang_Qt_5_15_0_for_Android-Debug/android-build/AndroidManifest.xml:23:19-58
53            <intent-filter>
53-->build-TestCamera-Android_for_armeabi_v7a_arm64_v8a_x86_x86_64_Clang_Qt_5_15_0_for_Android-Debug/android-build/AndroidManifest.xml:25:13-28:29
54                <action android:name="android.intent.action.MAIN" />
54-->build-TestCamera-Android_for_armeabi_v7a_arm64_v8a_x86_x86_64_Clang_Qt_5_15_0_for_Android-Debug/android-build/AndroidManifest.xml:26:17-68
54-->build-TestCamera-Android_for_armeabi_v7a_arm64_v8a_x86_x86_64_Clang_Qt_5_15_0_for_Android-Debug/android-build/AndroidManifest.xml:26:25-66
55
56                <category android:name="android.intent.category.LAUNCHER" />
56-->build-TestCamera-Android_for_armeabi_v7a_arm64_v8a_x86_x86_64_Clang_Qt_5_15_0_for_Android-Debug/android-build/AndroidManifest.xml:27:17-76
56-->build-TestCamera-Android_for_armeabi_v7a_arm64_v8a_x86_x86_64_Clang_Qt_5_15_0_for_Android-Debug/android-build/AndroidManifest.xml:27:27-74
57            </intent-filter>
58
59            <!-- Application arguments -->
60            <!-- meta-data android:name="android.app.arguments" android:value="arg1 arg2 arg3"/ -->
61            <!-- Application arguments -->
62
63            <meta-data
63-->build-TestCamera-Android_for_armeabi_v7a_arm64_v8a_x86_x86_64_Clang_Qt_5_15_0_for_Android-Debug/android-build/AndroidManifest.xml:34:13-88
64                android:name="android.app.lib_name"
64-->build-TestCamera-Android_for_armeabi_v7a_arm64_v8a_x86_x86_64_Clang_Qt_5_15_0_for_Android-Debug/android-build/AndroidManifest.xml:34:24-59
65                android:value="TestCamera" />
65-->build-TestCamera-Android_for_armeabi_v7a_arm64_v8a_x86_x86_64_Clang_Qt_5_15_0_for_Android-Debug/android-build/AndroidManifest.xml:34:60-86
66            <meta-data
66-->build-TestCamera-Android_for_armeabi_v7a_arm64_v8a_x86_x86_64_Clang_Qt_5_15_0_for_Android-Debug/android-build/AndroidManifest.xml:35:13-112
67                android:name="android.app.qt_sources_resource_id"
67-->build-TestCamera-Android_for_armeabi_v7a_arm64_v8a_x86_x86_64_Clang_Qt_5_15_0_for_Android-Debug/android-build/AndroidManifest.xml:35:24-73
68                android:resource="@array/qt_sources" />
68-->build-TestCamera-Android_for_armeabi_v7a_arm64_v8a_x86_x86_64_Clang_Qt_5_15_0_for_Android-Debug/android-build/AndroidManifest.xml:35:74-110
69            <meta-data
69-->build-TestCamera-Android_for_armeabi_v7a_arm64_v8a_x86_x86_64_Clang_Qt_5_15_0_for_Android-Debug/android-build/AndroidManifest.xml:36:13-87
70                android:name="android.app.repository"
70-->build-TestCamera-Android_for_armeabi_v7a_arm64_v8a_x86_x86_64_Clang_Qt_5_15_0_for_Android-Debug/android-build/AndroidManifest.xml:36:24-61
71                android:value="default" />
71-->build-TestCamera-Android_for_armeabi_v7a_arm64_v8a_x86_x86_64_Clang_Qt_5_15_0_for_Android-Debug/android-build/AndroidManifest.xml:36:62-85
72            <meta-data
72-->build-TestCamera-Android_for_armeabi_v7a_arm64_v8a_x86_x86_64_Clang_Qt_5_15_0_for_Android-Debug/android-build/AndroidManifest.xml:37:13-106
73                android:name="android.app.qt_libs_resource_id"
73-->build-TestCamera-Android_for_armeabi_v7a_arm64_v8a_x86_x86_64_Clang_Qt_5_15_0_for_Android-Debug/android-build/AndroidManifest.xml:37:24-70
74                android:resource="@array/qt_libs" />
74-->build-TestCamera-Android_for_armeabi_v7a_arm64_v8a_x86_x86_64_Clang_Qt_5_15_0_for_Android-Debug/android-build/AndroidManifest.xml:37:71-104
75            <meta-data
75-->build-TestCamera-Android_for_armeabi_v7a_arm64_v8a_x86_x86_64_Clang_Qt_5_15_0_for_Android-Debug/android-build/AndroidManifest.xml:38:13-116
76                android:name="android.app.bundled_libs_resource_id"
76-->build-TestCamera-Android_for_armeabi_v7a_arm64_v8a_x86_x86_64_Clang_Qt_5_15_0_for_Android-Debug/android-build/AndroidManifest.xml:38:24-75
77                android:resource="@array/bundled_libs" />
77-->build-TestCamera-Android_for_armeabi_v7a_arm64_v8a_x86_x86_64_Clang_Qt_5_15_0_for_Android-Debug/android-build/AndroidManifest.xml:38:76-114
78            <!-- Deploy Qt libs as part of package -->
79            <meta-data
79-->build-TestCamera-Android_for_armeabi_v7a_arm64_v8a_x86_x86_64_Clang_Qt_5_15_0_for_Android-Debug/android-build/AndroidManifest.xml:40:13-91
80                android:name="android.app.bundle_local_qt_libs"
80-->build-TestCamera-Android_for_armeabi_v7a_arm64_v8a_x86_x86_64_Clang_Qt_5_15_0_for_Android-Debug/android-build/AndroidManifest.xml:40:24-71
81                android:value="1" />
81-->build-TestCamera-Android_for_armeabi_v7a_arm64_v8a_x86_x86_64_Clang_Qt_5_15_0_for_Android-Debug/android-build/AndroidManifest.xml:40:72-89
82
83            <!-- Run with local libs -->
84            <meta-data
84-->build-TestCamera-Android_for_armeabi_v7a_arm64_v8a_x86_x86_64_Clang_Qt_5_15_0_for_Android-Debug/android-build/AndroidManifest.xml:43:13-88
85                android:name="android.app.use_local_qt_libs"
85-->build-TestCamera-Android_for_armeabi_v7a_arm64_v8a_x86_x86_64_Clang_Qt_5_15_0_for_Android-Debug/android-build/AndroidManifest.xml:43:24-68
86                android:value="1" />
86-->build-TestCamera-Android_for_armeabi_v7a_arm64_v8a_x86_x86_64_Clang_Qt_5_15_0_for_Android-Debug/android-build/AndroidManifest.xml:43:69-86
87            <meta-data
87-->build-TestCamera-Android_for_armeabi_v7a_arm64_v8a_x86_x86_64_Clang_Qt_5_15_0_for_Android-Debug/android-build/AndroidManifest.xml:44:13-100
88                android:name="android.app.libs_prefix"
88-->build-TestCamera-Android_for_armeabi_v7a_arm64_v8a_x86_x86_64_Clang_Qt_5_15_0_for_Android-Debug/android-build/AndroidManifest.xml:44:24-62
89                android:value="/data/local/tmp/qt/" />
89-->build-TestCamera-Android_for_armeabi_v7a_arm64_v8a_x86_x86_64_Clang_Qt_5_15_0_for_Android-Debug/android-build/AndroidManifest.xml:44:63-98
90            <meta-data
90-->build-TestCamera-Android_for_armeabi_v7a_arm64_v8a_x86_x86_64_Clang_Qt_5_15_0_for_Android-Debug/android-build/AndroidManifest.xml:45:13-122
91                android:name="android.app.load_local_libs_resource_id"
91-->build-TestCamera-Android_for_armeabi_v7a_arm64_v8a_x86_x86_64_Clang_Qt_5_15_0_for_Android-Debug/android-build/AndroidManifest.xml:45:24-78
92                android:resource="@array/load_local_libs" />
92-->build-TestCamera-Android_for_armeabi_v7a_arm64_v8a_x86_x86_64_Clang_Qt_5_15_0_for_Android-Debug/android-build/AndroidManifest.xml:45:79-120
93            <meta-data
93-->build-TestCamera-Android_for_armeabi_v7a_arm64_v8a_x86_x86_64_Clang_Qt_5_15_0_for_Android-Debug/android-build/AndroidManifest.xml:46:13-147
94                android:name="android.app.load_local_jars"
94-->build-TestCamera-Android_for_armeabi_v7a_arm64_v8a_x86_x86_64_Clang_Qt_5_15_0_for_Android-Debug/android-build/AndroidManifest.xml:46:24-66
95                android:value="jar/QtAndroidBearer.jar:jar/QtMultimedia.jar:jar/QtAndroid.jar" />
95-->build-TestCamera-Android_for_armeabi_v7a_arm64_v8a_x86_x86_64_Clang_Qt_5_15_0_for_Android-Debug/android-build/AndroidManifest.xml:46:67-145
96            <meta-data
96-->build-TestCamera-Android_for_armeabi_v7a_arm64_v8a_x86_x86_64_Clang_Qt_5_15_0_for_Android-Debug/android-build/AndroidManifest.xml:47:13-143
97                android:name="android.app.static_init_classes"
97-->build-TestCamera-Android_for_armeabi_v7a_arm64_v8a_x86_x86_64_Clang_Qt_5_15_0_for_Android-Debug/android-build/AndroidManifest.xml:47:24-70
98                android:value="org.qtproject.qt5.android.multimedia.QtMultimediaUtils" />
98-->build-TestCamera-Android_for_armeabi_v7a_arm64_v8a_x86_x86_64_Clang_Qt_5_15_0_for_Android-Debug/android-build/AndroidManifest.xml:47:71-141
99            <!-- Used to specify custom system library path to run with local system libs -->
100            <!-- <meta-data android:name="android.app.system_libs_prefix" android:value="/system/lib/"/> -->
101            <!-- Messages maps -->
102            <meta-data
102-->build-TestCamera-Android_for_armeabi_v7a_arm64_v8a_x86_x86_64_Clang_Qt_5_15_0_for_Android-Debug/android-build/AndroidManifest.xml:51:13-122
103                android:name="android.app.ministro_not_found_msg"
103-->build-TestCamera-Android_for_armeabi_v7a_arm64_v8a_x86_x86_64_Clang_Qt_5_15_0_for_Android-Debug/android-build/AndroidManifest.xml:51:71-120
104                android:value="@string/ministro_not_found_msg" />
104-->build-TestCamera-Android_for_armeabi_v7a_arm64_v8a_x86_x86_64_Clang_Qt_5_15_0_for_Android-Debug/android-build/AndroidManifest.xml:51:24-70
105            <meta-data
105-->build-TestCamera-Android_for_armeabi_v7a_arm64_v8a_x86_x86_64_Clang_Qt_5_15_0_for_Android-Debug/android-build/AndroidManifest.xml:52:13-116
106                android:name="android.app.ministro_needed_msg"
106-->build-TestCamera-Android_for_armeabi_v7a_arm64_v8a_x86_x86_64_Clang_Qt_5_15_0_for_Android-Debug/android-build/AndroidManifest.xml:52:68-114
107                android:value="@string/ministro_needed_msg" />
107-->build-TestCamera-Android_for_armeabi_v7a_arm64_v8a_x86_x86_64_Clang_Qt_5_15_0_for_Android-Debug/android-build/AndroidManifest.xml:52:24-67
108            <meta-data
108-->build-TestCamera-Android_for_armeabi_v7a_arm64_v8a_x86_x86_64_Clang_Qt_5_15_0_for_Android-Debug/android-build/AndroidManifest.xml:53:13-108
109                android:name="android.app.fatal_error_msg"
109-->build-TestCamera-Android_for_armeabi_v7a_arm64_v8a_x86_x86_64_Clang_Qt_5_15_0_for_Android-Debug/android-build/AndroidManifest.xml:53:64-106
110                android:value="@string/fatal_error_msg" />
110-->build-TestCamera-Android_for_armeabi_v7a_arm64_v8a_x86_x86_64_Clang_Qt_5_15_0_for_Android-Debug/android-build/AndroidManifest.xml:53:24-63
111            <meta-data
111-->build-TestCamera-Android_for_armeabi_v7a_arm64_v8a_x86_x86_64_Clang_Qt_5_15_0_for_Android-Debug/android-build/AndroidManifest.xml:54:13-132
112                android:name="android.app.unsupported_android_version"
112-->build-TestCamera-Android_for_armeabi_v7a_arm64_v8a_x86_x86_64_Clang_Qt_5_15_0_for_Android-Debug/android-build/AndroidManifest.xml:54:76-130
113                android:value="@string/unsupported_android_version" />
113-->build-TestCamera-Android_for_armeabi_v7a_arm64_v8a_x86_x86_64_Clang_Qt_5_15_0_for_Android-Debug/android-build/AndroidManifest.xml:54:24-75
114            <!-- Messages maps -->
115
116
117            <!-- Splash screen -->
118            <!--
119                 Orientation-specific (portrait/landscape) data is checked first. If not available for current orientation,
120                 then android.app.splash_screen_drawable. For best results, use together with splash_screen_sticky and
121                 use hideSplashScreen() with a fade-out animation from Qt Android Extras to hide the splash screen when you
122                 are done populating your window with content.
123            -->
124            <!-- meta-data android:name="android.app.splash_screen_drawable_portrait" android:resource="@drawable/logo_portrait" / -->
125            <!-- meta-data android:name="android.app.splash_screen_drawable_landscape" android:resource="@drawable/logo_landscape" / -->
126            <!-- meta-data android:name="android.app.splash_screen_drawable" android:resource="@drawable/logo"/ -->
127            <!-- meta-data android:name="android.app.splash_screen_sticky" android:value="true"/ -->
128            <!-- Splash screen -->
129
130
131            <!-- Background running -->
132            <!--
133                 Warning: changing this value to true may cause unexpected crashes if the
134                          application still try to draw after
135                          "applicationStateChanged(Qt::ApplicationSuspended)"
136                          signal is sent!
137            -->
138            <meta-data
138-->build-TestCamera-Android_for_armeabi_v7a_arm64_v8a_x86_x86_64_Clang_Qt_5_15_0_for_Android-Debug/android-build/AndroidManifest.xml:73:13-93
139                android:name="android.app.background_running"
139-->build-TestCamera-Android_for_armeabi_v7a_arm64_v8a_x86_x86_64_Clang_Qt_5_15_0_for_Android-Debug/android-build/AndroidManifest.xml:73:24-69
140                android:value="false" />
140-->build-TestCamera-Android_for_armeabi_v7a_arm64_v8a_x86_x86_64_Clang_Qt_5_15_0_for_Android-Debug/android-build/AndroidManifest.xml:73:70-91
141            <!-- Background running -->
142
143
144            <!-- auto screen scale factor -->
145            <meta-data
145-->build-TestCamera-Android_for_armeabi_v7a_arm64_v8a_x86_x86_64_Clang_Qt_5_15_0_for_Android-Debug/android-build/AndroidManifest.xml:77:13-99
146                android:name="android.app.auto_screen_scale_factor"
146-->build-TestCamera-Android_for_armeabi_v7a_arm64_v8a_x86_x86_64_Clang_Qt_5_15_0_for_Android-Debug/android-build/AndroidManifest.xml:77:24-75
147                android:value="false" />
147-->build-TestCamera-Android_for_armeabi_v7a_arm64_v8a_x86_x86_64_Clang_Qt_5_15_0_for_Android-Debug/android-build/AndroidManifest.xml:77:76-97
148            <!-- auto screen scale factor -->
149
150
151            <!-- extract android style -->
152            <!--
153                 available android:values :
154                * default - In most cases this will be the same as "full", but it can also be something else if needed, e.g., for compatibility reasons
155                * full - useful QWidget & Quick Controls 1 apps
156                * minimal - useful for Quick Controls 2 apps, it is much faster than "full"
157                * none - useful for apps that don't use any of the above Qt modules
158            -->
159            <meta-data
159-->build-TestCamera-Android_for_armeabi_v7a_arm64_v8a_x86_x86_64_Clang_Qt_5_15_0_for_Android-Debug/android-build/AndroidManifest.xml:87:13-98
160                android:name="android.app.extract_android_style"
160-->build-TestCamera-Android_for_armeabi_v7a_arm64_v8a_x86_x86_64_Clang_Qt_5_15_0_for_Android-Debug/android-build/AndroidManifest.xml:87:24-72
161                android:value="default" />
161-->build-TestCamera-Android_for_armeabi_v7a_arm64_v8a_x86_x86_64_Clang_Qt_5_15_0_for_Android-Debug/android-build/AndroidManifest.xml:87:73-96
162            <!-- extract android style -->
163        </activity>
164
165        <!-- For adding service(s) please check: https://wiki.qt.io/AndroidServices -->
166
167    </application>
168
169</manifest>